<?xml version="1.0" encoding="UTF-8"?>
<testsuite xmlns:xsi="http://www.w3.org/2001/XMLSchema-instance" xsi:noNamespaceSchemaLocation="https://maven.apache.org/surefire/maven-surefire-plugin/xsd/surefire-test-report-3.0.xsd" version="3.0" name="com.example.demo.EmpleadosAsistenciaApplicationTests" time="7.212" tests="1" errors="0" skipped="0" failures="0">
  <properties>
[...]
</properties>
  <testcase name="contextLoads" classname="com.example.demo.EmpleadosAsistenciaApplicationTests" time="1.563">
    <system-out><![CDATA[12:08:51.154 [main] INFO org.springframework.test.context.support.AnnotationConfigContextLoaderUtils -- Could not detect default configuration classes for test class [com.example.demo.EmpleadosAsistenciaApplicationTests]: EmpleadosAsistenciaApplicationTests does not declare any static, non-private, non-final, nested classes annotated with @Configuration.
12:08:51.348 [main] INFO org.springframework.boot.test.context.SpringBootTestContextBootstrapper -- Found @SpringBootConfiguration com.example.demo.EmpleadosAsistenciaApplication for test class com.example.demo.EmpleadosAsistenciaApplicationTests
12:08:51.658 [main] INFO org.springframework.boot.devtools.restart.RestartApplicationListener -- Restart disabled due to context in which it is running
  .   ____          _            __ _ _
 /\\ / ___'_ __ _ _(_)_ __  __ _ \ \ \ \
( ( )\___ | '_ | '_| | '_ \/ _` | \ \ \ \
 \\/  ___)| |_)| | | | | || (_| |  ) ) ) )
  '  |____| .__|_| |_|_| |_\__, | / / / /
 =========|_|==============|___/=/_/_/_/

 :: Spring Boot ::                (v3.3.0)

2024-06-07T12:08:52.110-05:00  INFO 9336 --- [empleados-asistencia] [           main] .e.d.EmpleadosAsistenciaApplicationTests : Starting EmpleadosAsistenciaApplicationTests using Java 17.0.11 with PID 9336 (started by Lenovo in C:\Users\Lenovo\Desktop\6 _SEMESTRE\DESARROLLO_EMPRESARIAL\GESTION DE ASISTENCIA\empleados-asistencia\empleados-asistencia)
2024-06-07T12:08:52.113-05:00  INFO 9336 --- [empleados-asistencia] [           main] .e.d.EmpleadosAsistenciaApplicationTests : No active profile set, falling back to 1 default profile: "default"
2024-06-07T12:08:53.228-05:00  INFO 9336 --- [empleados-asistencia] [           main] .s.d.r.c.RepositoryConfigurationDelegate : Bootstrapping Spring Data MongoDB repositories in DEFAULT mode.
2024-06-07T12:08:53.337-05:00  INFO 9336 --- [empleados-asistencia] [           main] .s.d.r.c.RepositoryConfigurationDelegate : Finished Spring Data repository scanning in 98 ms. Found 1 MongoDB repository interface.
2024-06-07T12:08:54.486-05:00  INFO 9336 --- [empleados-asistencia] [           main] org.mongodb.driver.client                : MongoClient with metadata {"driver": {"name": "mongo-java-driver|sync|spring-boot", "version": "5.0.1"}, "os": {"type": "Windows", "name": "Windows 11", "architecture": "amd64", "version": "10.0"}, "platform": "Java/Eclipse Adoptium/17.0.11+9"} created with settings MongoClientSettings{readPreference=primary, writeConcern=WriteConcern{w=null, wTimeout=null ms, journal=null}, retryWrites=true, retryReads=true, readConcern=ReadConcern{level=null}, credential=MongoCredential{mechanism=null, userName='admin', source='admin', password=<hidden>, mechanismProperties=<hidden>}, transportSettings=null, commandListeners=[], codecRegistry=ProvidersCodecRegistry{codecProviders=[ValueCodecProvider{}, BsonValueCodecProvider{}, DBRefCodecProvider{}, DBObjectCodecProvider{}, DocumentCodecProvider{}, CollectionCodecProvider{}, IterableCodecProvider{}, MapCodecProvider{}, GeoJsonCodecProvider{}, GridFSFileCodecProvider{}, Jsr310CodecProvider{}, JsonObjectCodecProvider{}, BsonCodecProvider{}, EnumCodecProvider{}, com.mongodb.client.model.mql.ExpressionCodecProvider@33feda48, com.mongodb.Jep395RecordCodecProvider@6588b715, com.mongodb.KotlinCodecProvider@15a3b42]}, loggerSettings=LoggerSettings{maxDocumentLength=1000}, clusterSettings={hosts=[127.0.0.1:27017], srvHost=cluster0.r4i8vwr.mongodb.net, srvServiceName=mongodb, mode=MULTIPLE, requiredClusterType=REPLICA_SET, requiredReplicaSetName='atlas-1k5a6w-shard-0', serverSelector='null', clusterListeners='[]', serverSelectionTimeout='30000 ms', localThreshold='15 ms'}, socketSettings=SocketSettings{connectTimeoutMS=10000, readTimeoutMS=0, receiveBufferSize=0, proxySettings=ProxySettings{host=null, port=null, username=null, password=null}}, heartbeatSocketSettings=SocketSettings{connectTimeoutMS=10000, readTimeoutMS=10000, receiveBufferSize=0, proxySettings=ProxySettings{host=null, port=null, username=null, password=null}}, connectionPoolSettings=ConnectionPoolSettings{maxSize=100, minSize=0, maxWaitTimeMS=120000, maxConnectionLifeTimeMS=0, maxConnectionIdleTimeMS=0, maintenanceInitialDelayMS=0, maintenanceFrequencyMS=60000, connectionPoolListeners=[], maxConnecting=2}, serverSettings=ServerSettings{heartbeatFrequencyMS=10000, minHeartbeatFrequencyMS=500, serverListeners='[]', serverMonitorListeners='[]'}, sslSettings=SslSettings{enabled=true, invalidHostNameAllowed=false, context=null}, applicationName='null', compressorList=[], uuidRepresentation=JAVA_LEGACY, serverApi=null, autoEncryptionSettings=null, dnsClient=null, inetAddressResolver=null, contextProvider=null}
2024-06-07T12:08:54.573-05:00  INFO 9336 --- [empleados-asistencia] [vwr.mongodb.net] org.mongodb.driver.cluster               : Adding discovered server ac-negwq33-shard-00-02.r4i8vwr.mongodb.net:27017 to client view of cluster
2024-06-07T12:08:54.701-05:00  INFO 9336 --- [empleados-asistencia] [vwr.mongodb.net] org.mongodb.driver.cluster               : Adding discovered server ac-negwq33-shard-00-01.r4i8vwr.mongodb.net:27017 to client view of cluster
2024-06-07T12:08:54.705-05:00  INFO 9336 --- [empleados-asistencia] [vwr.mongodb.net] org.mongodb.driver.cluster               : Adding discovered server ac-negwq33-shard-00-00.r4i8vwr.mongodb.net:27017 to client view of cluster
2024-06-07T12:08:55.589-05:00  INFO 9336 --- [empleados-asistencia] [ngodb.net:27017] org.mongodb.driver.cluster               : Monitor thread successfully connected to server with description ServerDescription{address=ac-negwq33-shard-00-00.r4i8vwr.mongodb.net:27017, type=REPLICA_SET_SECONDARY, state=CONNECTED, ok=true, minWireVersion=0, maxWireVersion=21, maxDocumentSize=16777216, logicalSessionTimeoutMinutes=30, roundTripTimeNanos=491056800, setName='atlas-1k5a6w-shard-0', canonicalAddress=ac-negwq33-shard-00-00.r4i8vwr.mongodb.net:27017, hosts=[ac-negwq33-shard-00-00.r4i8vwr.mongodb.net:27017, ac-negwq33-shard-00-02.r4i8vwr.mongodb.net:27017, ac-negwq33-shard-00-01.r4i8vwr.mongodb.net:27017], passives=[], arbiters=[], primary='ac-negwq33-shard-00-01.r4i8vwr.mongodb.net:27017', tagSet=TagSet{[Tag{name='availabilityZone', value='use1-az1'}, Tag{name='diskState', value='READY'}, Tag{name='nodeType', value='ELECTABLE'}, Tag{name='provider', value='AWS'}, Tag{name='region', value='US_EAST_1'}, Tag{name='workloadType', value='OPERATIONAL'}]}, electionId=null, setVersion=70, topologyVersion=TopologyVersion{processId=666336718085c67d5a2876e9, counter=4}, lastWriteDate=Fri Jun 07 12:08:56 COT 2024, lastUpdateTimeNanos=1122451722241600}
2024-06-07T12:08:55.594-05:00  INFO 9336 --- [empleados-asistencia] [ngodb.net:27017] org.mongodb.driver.cluster               : Monitor thread successfully connected to server with description ServerDescription{address=ac-negwq33-shard-00-02.r4i8vwr.mongodb.net:27017, type=REPLICA_SET_SECONDARY, state=CONNECTED, ok=true, minWireVersion=0, maxWireVersion=21, maxDocumentSize=16777216, logicalSessionTimeoutMinutes=30, roundTripTimeNanos=499778600, setName='atlas-1k5a6w-shard-0', canonicalAddress=ac-negwq33-shard-00-02.r4i8vwr.mongodb.net:27017, hosts=[ac-negwq33-shard-00-00.r4i8vwr.mongodb.net:27017, ac-negwq33-shard-00-02.r4i8vwr.mongodb.net:27017, ac-negwq33-shard-00-01.r4i8vwr.mongodb.net:27017], passives=[], arbiters=[], primary='ac-negwq33-shard-00-01.r4i8vwr.mongodb.net:27017', tagSet=TagSet{[Tag{name='availabilityZone', value='use1-az4'}, Tag{name='diskState', value='READY'}, Tag{name='nodeType', value='ELECTABLE'}, Tag{name='provider', value='AWS'}, Tag{name='region', value='US_EAST_1'}, Tag{name='workloadType', value='OPERATIONAL'}]}, electionId=null, setVersion=70, topologyVersion=TopologyVersion{processId=666337aecc53dd8626791333, counter=3}, lastWriteDate=Fri Jun 07 12:08:56 COT 2024, lastUpdateTimeNanos=1122451723458200}
2024-06-07T12:08:55.594-05:00  INFO 9336 --- [empleados-asistencia] [ngodb.net:27017] org.mongodb.driver.cluster               : Monitor thread successfully connected to server with description ServerDescription{address=ac-negwq33-shard-00-01.r4i8vwr.mongodb.net:27017, type=REPLICA_SET_PRIMARY, state=CONNECTED, ok=true, minWireVersion=0, maxWireVersion=21, maxDocumentSize=16777216, logicalSessionTimeoutMinutes=30, roundTripTimeNanos=507602399, setName='atlas-1k5a6w-shard-0', canonicalAddress=ac-negwq33-shard-00-01.r4i8vwr.mongodb.net:27017, hosts=[ac-negwq33-shard-00-00.r4i8vwr.mongodb.net:27017, ac-negwq33-shard-00-02.r4i8vwr.mongodb.net:27017, ac-negwq33-shard-00-01.r4i8vwr.mongodb.net:27017], passives=[], arbiters=[], primary='ac-negwq33-shard-00-01.r4i8vwr.mongodb.net:27017', tagSet=TagSet{[Tag{name='availabilityZone', value='use1-az2'}, Tag{name='diskState', value='READY'}, Tag{name='nodeType', value='ELECTABLE'}, Tag{name='provider', value='AWS'}, Tag{name='region', value='US_EAST_1'}, Tag{name='workloadType', value='OPERATIONAL'}]}, electionId=7fffffff0000000000000258, setVersion=70, topologyVersion=TopologyVersion{processId=666335928a2f88582458edb2, counter=6}, lastWriteDate=Fri Jun 07 12:08:56 COT 2024, lastUpdateTimeNanos=1122451724827100}
2024-06-07T12:08:55.602-05:00  INFO 9336 --- [empleados-asistencia] [ngodb.net:27017] org.mongodb.driver.cluster               : Discovered replica set primary ac-negwq33-shard-00-01.r4i8vwr.mongodb.net:27017 with max election id 7fffffff0000000000000258 and max set version 70
2024-06-07T12:08:56.489-05:00  INFO 9336 --- [empleados-asistencia] [           main] .e.d.EmpleadosAsistenciaApplicationTests : Started EmpleadosAsistenciaApplicationTests in 4.858 seconds (process running for 6.773)
]]></system-out>
  </testcase>
</testsuite>